16:18:24 INFO  : Launching XSCT server: xsct -n  -interactive /home/bhardwaj2/lime_new_zcu102/temp_xsdb_launch_script.tcl
16:18:24 INFO  : Registering command handlers for Vitis TCF services
16:18:29 INFO  : XSCT server has started successfully.
16:18:29 INFO  : Successfully done setting XSCT server connection channel  
16:18:29 INFO  : plnx-install-location is set to ''
16:18:30 INFO  : Successfully done setting workspace for the tool. 
16:18:30 INFO  : Successfully done query RDI_DATADIR 
16:18:30 INFO  : Platform repository initialization has completed.
16:21:00 INFO  : Result from executing command 'getProjects': system_wrapper
16:21:00 INFO  : Result from executing command 'getPlatforms': 
16:21:00 WARN  : An unexpected exception occurred in the module 'platform project logging'
16:21:01 INFO  : Platform 'system_wrapper' is added to custom repositories.
16:21:12 INFO  : Platform 'system_wrapper' is added to custom repositories.
16:24:22 INFO  : Result from executing command 'getProjects': system_wrapper
16:24:22 INFO  : Result from executing command 'getPlatforms': system_wrapper|/home/bhardwaj2/lime_new_zcu102/system_wrapper/export/system_wrapper/system_wrapper.xpfm
16:24:25 INFO  : Checking for BSP changes to sync application flags for project 'zcu102'...
08:34:39 INFO  : Launching XSCT server: xsct -n  -interactive /home/bhardwaj2/lime_new_zcu102/temp_xsdb_launch_script.tcl
08:34:43 INFO  : XSCT server has started successfully.
08:34:43 INFO  : Successfully done setting XSCT server connection channel  
08:34:43 INFO  : plnx-install-location is set to ''
08:34:43 INFO  : Successfully done setting workspace for the tool. 
08:34:43 INFO  : Platform repository initialization has completed.
08:34:45 INFO  : Registering command handlers for Vitis TCF services
08:34:45 INFO  : Successfully done query RDI_DATADIR 
08:38:29 INFO  : Result from executing command 'getProjects': lime_vitis;system_wrapper
08:38:29 INFO  : Result from executing command 'getPlatforms': system_wrapper|/home/bhardwaj2/lime_new_zcu102/system_wrapper/export/system_wrapper/system_wrapper.xpfm
