#-----------------------------------------------------------
# Vivado v2018.2 (64-bit)
# SW Build 2258646 on Thu Jun 14 20:02:38 MDT 2018
# IP Build 2256618 on Thu Jun 14 22:10:49 MDT 2018
# Start of session at: Wed Dec  9 16:14:47 2020
# Process ID: 152003
# Current directory: /home2/bhardwaj2/lime/ip/2018.2
# Command line: vivado
# Log file: /home2/bhardwaj2/lime/ip/2018.2/vivado.log
# Journal file: /home2/bhardwaj2/lime/ip/2018.2/vivado.jou
#-----------------------------------------------------------
start_gui
open_project /home2/bhardwaj2/lime/system/zcu102/proj.xpr
Scanning sources...
Finished scanning sources
INFO: [IP_Flow 19-234] Refreshing IP repositories
INFO: [IP_Flow 19-1700] Loaded user IP repository '/home2/bhardwaj2/lime/ip/2018.2'.
INFO: [IP_Flow 19-1700] Loaded user IP repository '/home2/bhardwaj2/lime/ip/hls'.
INFO: [IP_Flow 19-2313] Loaded Vivado IP repository '/opt/Xilinx/Vivado/2018.2/data/ip'.
open_project: Time (s): cpu = 00:01:01 ; elapsed = 00:00:36 . Memory (MB): peak = 6750.852 ; gain = 510.633 ; free physical = 5691 ; free virtual = 30723
update_compile_order -fileset sources_1
open_bd_design {/home2/bhardwaj2/lime/system/zcu102/proj.srcs/sources_1/bd/system/system.bd}
Adding cell -- xilinx.com:ip:zynq_ultra_ps_e:3.2 - zynq_ps_0
Adding cell -- xilinx.com:ip:proc_sys_reset:5.0 - rst_pl_clk0
Adding cell -- xilinx.com:ip:proc_sys_reset:5.0 - rst_pl_clk1
Adding cell -- xilinx.com:user:axi_perf_mon:5.0 - apm_0
Adding cell -- llnl.gov:user:axi_tcd:1.1 - axi_tcd_0
Adding cell -- xilinx.com:ip:ddr4:2.2 - ddr_0
Adding cell -- xilinx.com:ip:proc_sys_reset:5.0 - proc_sys_reset_ddr
Adding cell -- llnl.gov:user:axi_shim:1.4 - axi_shim_0
Adding cell -- llnl.gov:user:axi_shim:1.4 - axi_shim_1
Adding cell -- llnl.gov:user:axi_delay:1.2 - axi_delay_0
Adding cell -- llnl.gov:user:axi_delay:1.2 - axi_delay_1
Adding cell -- xilinx.com:ip:axi_crossbar:2.1 - xbar
Adding cell -- llnl.gov:user:axi_lsu:2.3 - axi_lsu_0
Adding cell -- llnl.gov:user:axi_lsu:2.3 - axi_lsu_1
Adding cell -- llnl.gov:user:axi_lsu:2.3 - axi_lsu_2
Adding cell -- xilinx.com:ip:axis_switch:1.1 - axis_ctl_0
Adding cell -- llnl.gov:user:axis_flow:1.0 - axis_flow_0
Adding cell -- llnl.gov:user:axis_hash:1.0 - axis_hash_0
Adding cell -- llnl.gov:user:axis_probe:1.1 - axis_probe_0
Adding cell -- xilinx.com:ip:fifo_generator:13.2 - fifo_generator_0
INFO: [xilinx.com:ip:fifo_generator:13.2-5968] /engine_0/fifo_generator_0Executing the post_config_ip from bd
Adding cell -- xilinx.com:ip:mdm:3.2 - mdm_0
Adding cell -- xilinx.com:ip:proc_sys_reset:5.0 - proc_sys_reset_eng
Adding cell -- llnl.gov:user:axis_hdr:1.2 - axis_hdr_0
Adding cell -- xilinx.com:ip:microblaze:10.0 - microblaze_0
Adding cell -- xilinx.com:ip:lmb_bram_if_cntlr:4.0 - dlmb_bram_if_cntlr
Adding cell -- xilinx.com:ip:lmb_v10:3.0 - dlmb_v10
Adding cell -- xilinx.com:ip:lmb_bram_if_cntlr:4.0 - ilmb_bram_if_cntlr
Adding cell -- xilinx.com:ip:lmb_v10:3.0 - ilmb_v10
Adding cell -- xilinx.com:ip:blk_mem_gen:8.4 - lmb_bram
Adding cell -- xilinx.com:ip:axi_fifo_mm_s:4.1 - axi_fifo_mm_s_0
Adding cell -- llnl.gov:user:axis_hdr:1.2 - axis_hdr_0
Adding cell -- xilinx.com:ip:axi_crossbar:2.1 - xbar
Adding cell -- xilinx.com:ip:axi_mmu:2.1 - s01_mmu
Adding cell -- xilinx.com:ip:axi_clock_converter:2.1 - auto_cc
Adding cell -- xilinx.com:ip:axi_clock_converter:2.1 - auto_cc
Adding cell -- xilinx.com:ip:axi_dwidth_converter:2.1 - auto_us
Adding cell -- xilinx.com:ip:axi_clock_converter:2.1 - auto_cc
Adding cell -- xilinx.com:ip:axi_clock_converter:2.1 - auto_cc
Adding cell -- xilinx.com:ip:axi_crossbar:2.1 - xbar
Adding cell -- xilinx.com:ip:axi_protocol_converter:2.1 - auto_pc
Adding cell -- llnl.gov:user:axi_shim:1.4 - axi_shim_0
Adding cell -- llnl.gov:user:axi_shim:1.4 - axi_shim_1
Adding cell -- xilinx.com:ip:smartconnect:1.0 - axi_interconnect_0
Adding cell -- llnl.gov:user:axi_delay:1.2 - axi_delay_0
Adding cell -- llnl.gov:user:axi_delay:1.2 - axi_delay_1
Successfully read diagram <system> from BD file </home2/bhardwaj2/lime/system/zcu102/proj.srcs/sources_1/bd/system/system.bd>
open_bd_design: Time (s): cpu = 00:00:12 ; elapsed = 00:00:08 . Memory (MB): peak = 7922.418 ; gain = 0.000 ; free physical = 5538 ; free virtual = 30639
